{"/PWC-WORK/dev/nodejs/mosc/mosc.js":{"path":"/PWC-WORK/dev/nodejs/mosc/mosc.js","s":{"1":1,"2":10,"3":10,"4":10,"5":1,"6":32,"7":3,"8":10,"9":1,"10":3,"11":3,"12":9,"13":9,"14":4,"15":4,"16":5,"17":5,"18":9,"19":9,"20":9,"21":9,"22":10,"23":10,"24":10,"25":10,"26":8,"27":8,"28":8,"29":5,"30":3,"31":3,"32":1,"33":6,"34":10,"35":8,"36":7,"37":7,"38":4,"39":10,"40":4,"41":4,"42":4,"43":4,"44":9,"45":3,"46":2,"47":1,"48":6,"49":3,"50":2,"51":3,"52":10,"53":5,"54":5,"55":1},"b":{"1":[3,29],"2":[32,30],"3":[4,5],"4":[4,4],"5":[5,3],"6":[7,3],"7":[0,4],"8":[3,6],"9":[2,1],"10":[2,1],"11":[0,3]},"f":{"1":10,"2":32,"3":9,"4":3,"5":8,"6":4,"7":5},"fnMap":{"1":{"name":"(anonymous_1)","line":1,"loc":{"start":{"line":1,"column":15},"end":{"line":2,"column":0}}},"2":{"name":"emptyCheck","line":7,"loc":{"start":{"line":7,"column":1},"end":{"line":8,"column":1}}},"3":{"name":"(anonymous_3)","line":14,"loc":{"start":{"line":14,"column":25},"end":{"line":15,"column":1}}},"4":{"name":"get_eval_string","line":16,"loc":{"start":{"line":16,"column":2},"end":{"line":16,"column":33}}},"5":{"name":"(anonymous_5)","line":63,"loc":{"start":{"line":63,"column":14},"end":{"line":64,"column":1}}},"6":{"name":"(anonymous_6)","line":72,"loc":{"start":{"line":72,"column":16},"end":{"line":73,"column":1}}},"7":{"name":"(anonymous_7)","line":107,"loc":{"start":{"line":107,"column":12},"end":{"line":108,"column":1}}}},"statementMap":{"1":{"start":{"line":1,"column":0},"end":{"line":113,"column":1}},"2":{"start":{"line":3,"column":1},"end":{"line":3,"column":52}},"3":{"start":{"line":4,"column":1},"end":{"line":4,"column":25}},"4":{"start":{"line":5,"column":1},"end":{"line":5,"column":28}},"5":{"start":{"line":7,"column":1},"end":{"line":12,"column":2}},"6":{"start":{"line":9,"column":2},"end":{"line":11,"column":3}},"7":{"start":{"line":10,"column":3},"end":{"line":10,"column":27}},"8":{"start":{"line":14,"column":1},"end":{"line":61,"column":2}},"9":{"start":{"line":16,"column":2},"end":{"line":19,"column":3}},"10":{"start":{"line":17,"column":3},"end":{"line":17,"column":56}},"11":{"start":{"line":18,"column":3},"end":{"line":18,"column":79}},"12":{"start":{"line":21,"column":2},"end":{"line":21,"column":29}},"13":{"start":{"line":22,"column":2},"end":{"line":28,"column":6}},"14":{"start":{"line":23,"column":5},"end":{"line":23,"column":45}},"15":{"start":{"line":24,"column":5},"end":{"line":24,"column":44}},"16":{"start":{"line":26,"column":6},"end":{"line":26,"column":32}},"17":{"start":{"line":27,"column":6},"end":{"line":27,"column":23}},"18":{"start":{"line":29,"column":2},"end":{"line":29,"column":48}},"19":{"start":{"line":30,"column":2},"end":{"line":30,"column":44}},"20":{"start":{"line":31,"column":2},"end":{"line":31,"column":31}},"21":{"start":{"line":33,"column":2},"end":{"line":59,"column":3}},"22":{"start":{"line":35,"column":3},"end":{"line":35,"column":44}},"23":{"start":{"line":36,"column":6},"end":{"line":36,"column":51}},"24":{"start":{"line":38,"column":6},"end":{"line":38,"column":69}},"25":{"start":{"line":39,"column":6},"end":{"line":39,"column":69}},"26":{"start":{"line":41,"column":6},"end":{"line":41,"column":51}},"27":{"start":{"line":42,"column":6},"end":{"line":42,"column":51}},"28":{"start":{"line":43,"column":6},"end":{"line":57,"column":7}},"29":{"start":{"line":44,"column":7},"end":{"line":44,"column":48}},"30":{"start":{"line":48,"column":7},"end":{"line":55,"column":8}},"31":{"start":{"line":50,"column":8},"end":{"line":50,"column":72}},"32":{"start":{"line":54,"column":8},"end":{"line":54,"column":58}},"33":{"start":{"line":60,"column":2},"end":{"line":60,"column":20}},"34":{"start":{"line":63,"column":1},"end":{"line":70,"column":2}},"35":{"start":{"line":66,"column":2},"end":{"line":66,"column":49}},"36":{"start":{"line":67,"column":2},"end":{"line":67,"column":34}},"37":{"start":{"line":68,"column":2},"end":{"line":68,"column":87}},"38":{"start":{"line":69,"column":2},"end":{"line":69,"column":51}},"39":{"start":{"line":72,"column":1},"end":{"line":105,"column":2}},"40":{"start":{"line":74,"column":2},"end":{"line":74,"column":50}},"41":{"start":{"line":75,"column":2},"end":{"line":75,"column":40}},"42":{"start":{"line":76,"column":2},"end":{"line":76,"column":34}},"43":{"start":{"line":78,"column":2},"end":{"line":98,"column":3}},"44":{"start":{"line":80,"column":3},"end":{"line":97,"column":4}},"45":{"start":{"line":84,"column":4},"end":{"line":91,"column":5}},"46":{"start":{"line":86,"column":5},"end":{"line":86,"column":37}},"47":{"start":{"line":90,"column":5},"end":{"line":90,"column":43}},"48":{"start":{"line":96,"column":4},"end":{"line":96,"column":41}},"49":{"start":{"line":100,"column":2},"end":{"line":103,"column":3}},"50":{"start":{"line":102,"column":3},"end":{"line":102,"column":74}},"51":{"start":{"line":104,"column":2},"end":{"line":104,"column":51}},"52":{"start":{"line":107,"column":1},"end":{"line":111,"column":2}},"53":{"start":{"line":109,"column":2},"end":{"line":109,"column":26}},"54":{"start":{"line":110,"column":2},"end":{"line":110,"column":25}},"55":{"start":{"line":114,"column":0},"end":{"line":114,"column":26}}},"branchMap":{"1":{"line":9,"type":"if","locations":[{"start":{"line":9,"column":2},"end":{"line":9,"column":2}},{"start":{"line":9,"column":2},"end":{"line":9,"column":2}}]},"2":{"line":9,"type":"binary-expr","locations":[{"start":{"line":9,"column":5},"end":{"line":9,"column":32}},{"start":{"line":9,"column":36},"end":{"line":9,"column":42}}]},"3":{"line":22,"type":"if","locations":[{"start":{"line":22,"column":2},"end":{"line":22,"column":2}},{"start":{"line":22,"column":2},"end":{"line":22,"column":2}}]},"4":{"line":23,"type":"binary-expr","locations":[{"start":{"line":23,"column":23},"end":{"line":23,"column":38}},{"start":{"line":23,"column":42},"end":{"line":23,"column":44}}]},"5":{"line":43,"type":"if","locations":[{"start":{"line":43,"column":6},"end":{"line":43,"column":6}},{"start":{"line":43,"column":6},"end":{"line":43,"column":6}}]},"6":{"line":67,"type":"binary-expr","locations":[{"start":{"line":67,"column":15},"end":{"line":67,"column":25}},{"start":{"line":67,"column":29},"end":{"line":67,"column":33}}]},"7":{"line":69,"type":"cond-expr","locations":[{"start":{"line":69,"column":28},"end":{"line":69,"column":43}},{"start":{"line":69,"column":46},"end":{"line":69,"column":50}}]},"8":{"line":80,"type":"if","locations":[{"start":{"line":80,"column":3},"end":{"line":80,"column":3}},{"start":{"line":80,"column":3},"end":{"line":80,"column":3}}]},"9":{"line":84,"type":"if","locations":[{"start":{"line":84,"column":4},"end":{"line":84,"column":4}},{"start":{"line":84,"column":4},"end":{"line":84,"column":4}}]},"10":{"line":100,"type":"if","locations":[{"start":{"line":100,"column":2},"end":{"line":100,"column":2}},{"start":{"line":100,"column":2},"end":{"line":100,"column":2}}]},"11":{"line":104,"type":"cond-expr","locations":[{"start":{"line":104,"column":28},"end":{"line":104,"column":43}},{"start":{"line":104,"column":46},"end":{"line":104,"column":50}}]}}}}