TN:
SF:/PWC-WORK/dev/nodejs/mosc/mosc.js
FN:1,(anonymous_1)
FN:7,emptyCheck
FN:14,(anonymous_3)
FN:16,get_eval_string
FN:63,(anonymous_5)
FN:72,(anonymous_6)
FN:107,(anonymous_7)
FNF:7
FNH:7
FNDA:10,(anonymous_1)
FNDA:32,emptyCheck
FNDA:9,(anonymous_3)
FNDA:3,get_eval_string
FNDA:8,(anonymous_5)
FNDA:4,(anonymous_6)
FNDA:5,(anonymous_7)
DA:1,1
DA:3,10
DA:4,10
DA:5,10
DA:7,1
DA:9,32
DA:10,3
DA:14,10
DA:16,1
DA:17,3
DA:18,3
DA:21,9
DA:22,9
DA:23,4
DA:24,4
DA:26,5
DA:27,5
DA:29,9
DA:30,9
DA:31,9
DA:33,9
DA:35,10
DA:36,10
DA:38,10
DA:39,10
DA:41,8
DA:42,8
DA:43,8
DA:44,5
DA:48,3
DA:50,3
DA:54,1
DA:60,6
DA:63,10
DA:66,8
DA:67,7
DA:68,7
DA:69,4
DA:72,10
DA:74,4
DA:75,4
DA:76,4
DA:78,4
DA:80,9
DA:84,3
DA:86,2
DA:90,1
DA:96,6
DA:100,3
DA:102,2
DA:104,3
DA:107,10
DA:109,5
DA:110,5
DA:114,1
LF:55
LH:55
BRDA:9,1,0,3
BRDA:9,1,1,29
BRDA:9,2,0,32
BRDA:9,2,1,30
BRDA:22,3,0,4
BRDA:22,3,1,5
BRDA:23,4,0,4
BRDA:23,4,1,4
BRDA:43,5,0,5
BRDA:43,5,1,3
BRDA:67,6,0,7
BRDA:67,6,1,3
BRDA:69,7,0,0
BRDA:69,7,1,4
BRDA:80,8,0,3
BRDA:80,8,1,6
BRDA:84,9,0,2
BRDA:84,9,1,1
BRDA:100,10,0,2
BRDA:100,10,1,1
BRDA:104,11,0,0
BRDA:104,11,1,3
BRF:22
BRH:20
end_of_record
